{"C:\\Users\\Rhuan Rodrigues\\dev\\desafio-itau-backend\\server.js": {"path":"C:\\Users\\Rhuan Rodrigues\\dev\\desafio-itau-backend\\server.js","statementMap":{"0":{"start":{"line":1,"column":13},"end":{"line":1,"column":28}},"1":{"start":{"line":2,"column":19},"end":{"line":2,"column":45}},"2":{"start":{"line":4,"column":13},"end":{"line":4,"column":17}},"3":{"start":{"line":6,"column":15},"end":{"line":8,"column":2}},"4":{"start":{"line":7,"column":4},"end":{"line":7,"column":20}},"5":{"start":{"line":10,"column":0},"end":{"line":15,"column":1}},"6":{"start":{"line":11,"column":4},"end":{"line":14,"column":6}},"7":{"start":{"line":12,"column":8},"end":{"line":12,"column":69}},"8":{"start":{"line":18,"column":0},"end":{"line":18,"column":23}}},"fnMap":{"0":{"name":"(anonymous_0)","decl":{"start":{"line":6,"column":33},"end":{"line":6,"column":34}},"loc":{"start":{"line":6,"column":47},"end":{"line":8,"column":1}},"line":6},"1":{"name":"(anonymous_1)","decl":{"start":{"line":11,"column":24},"end":{"line":11,"column":25}},"loc":{"start":{"line":11,"column":30},"end":{"line":14,"column":5}},"line":11}},"branchMap":{"0":{"loc":{"start":{"line":10,"column":0},"end":{"line":15,"column":1}},"type":"if","locations":[{"start":{"line":10,"column":0},"end":{"line":15,"column":1}},{"start":{},"end":{}}],"line":10}},"s":{"0":1,"1":1,"2":1,"3":1,"4":5,"5":1,"6":0,"7":0,"8":1},"f":{"0":5,"1":0},"b":{"0":[0,1]},"_coverageSchema":"1a1c01bbd47fc00a2c39e90264f33305004495a9","hash":"54b09123d8744ab903f6db5fcefc24a654c20f49"}
,"C:\\Users\\Rhuan Rodrigues\\dev\\desafio-itau-backend\\controllers\\transactionControllers.js": {"path":"C:\\Users\\Rhuan Rodrigues\\dev\\desafio-itau-backend\\controllers\\transactionControllers.js","statementMap":{"0":{"start":{"line":1,"column":74},"end":{"line":1,"column":116}},"1":{"start":{"line":2,"column":21},"end":{"line":2,"column":49}},"2":{"start":{"line":5,"column":15},"end":{"line":5,"column":17}},"3":{"start":{"line":6,"column":4},"end":{"line":6,"column":44}},"4":{"start":{"line":6,"column":29},"end":{"line":6,"column":43}},"5":{"start":{"line":8,"column":4},"end":{"line":18,"column":6}},"6":{"start":{"line":9,"column":8},"end":{"line":17,"column":9}},"7":{"start":{"line":10,"column":25},"end":{"line":10,"column":41}},"8":{"start":{"line":11,"column":33},"end":{"line":11,"column":56}},"9":{"start":{"line":12,"column":12},"end":{"line":12,"column":44}},"10":{"start":{"line":15,"column":16},"end":{"line":15,"column":41}},"11":{"start":{"line":22,"column":4},"end":{"line":22,"column":23}},"12":{"start":{"line":23,"column":4},"end":{"line":23,"column":84}},"13":{"start":{"line":27,"column":16},"end":{"line":27,"column":41}},"14":{"start":{"line":28,"column":4},"end":{"line":28,"column":27}},"15":{"start":{"line":32,"column":0},"end":{"line":32,"column":99}}},"fnMap":{"0":{"name":"transactionPostController","decl":{"start":{"line":4,"column":9},"end":{"line":4,"column":34}},"loc":{"start":{"line":4,"column":45},"end":{"line":19,"column":1}},"line":4},"1":{"name":"(anonymous_1)","decl":{"start":{"line":6,"column":19},"end":{"line":6,"column":20}},"loc":{"start":{"line":6,"column":29},"end":{"line":6,"column":43}},"line":6},"2":{"name":"(anonymous_2)","decl":{"start":{"line":8,"column":18},"end":{"line":8,"column":19}},"loc":{"start":{"line":8,"column":24},"end":{"line":18,"column":5}},"line":8},"3":{"name":"transactionDeleteController","decl":{"start":{"line":21,"column":9},"end":{"line":21,"column":36}},"loc":{"start":{"line":21,"column":47},"end":{"line":24,"column":1}},"line":21},"4":{"name":"transactionGetController","decl":{"start":{"line":26,"column":9},"end":{"line":26,"column":33}},"loc":{"start":{"line":26,"column":44},"end":{"line":29,"column":1}},"line":26}},"branchMap":{},"s":{"0":1,"1":1,"2":3,"3":3,"4":3,"5":3,"6":3,"7":3,"8":3,"9":3,"10":0,"11":1,"12":1,"13":1,"14":1,"15":1},"f":{"0":3,"1":3,"2":3,"3":1,"4":1},"b":{},"_coverageSchema":"1a1c01bbd47fc00a2c39e90264f33305004495a9","hash":"d7bcec5d9002ffbeee81976cb64a2b9920084c7b"}
,"C:\\Users\\Rhuan Rodrigues\\dev\\desafio-itau-backend\\routes\\router.js": {"path":"C:\\Users\\Rhuan Rodrigues\\dev\\desafio-itau-backend\\routes\\router.js","statementMap":{"0":{"start":{"line":1,"column":21},"end":{"line":1,"column":49}},"1":{"start":{"line":2,"column":22},"end":{"line":2,"column":46}},"2":{"start":{"line":3,"column":93},"end":{"line":3,"column":141}},"3":{"start":{"line":6,"column":28},"end":{"line":6,"column":31}},"4":{"start":{"line":8,"column":4},"end":{"line":8,"column":18}},"5":{"start":{"line":10,"column":4},"end":{"line":14,"column":5}},"6":{"start":{"line":11,"column":8},"end":{"line":11,"column":26}},"7":{"start":{"line":12,"column":8},"end":{"line":12,"column":17}},"8":{"start":{"line":13,"column":8},"end":{"line":13,"column":14}},"9":{"start":{"line":16,"column":4},"end":{"line":18,"column":5}},"10":{"start":{"line":17,"column":8},"end":{"line":17,"column":50}},"11":{"start":{"line":20,"column":4},"end":{"line":22,"column":5}},"12":{"start":{"line":21,"column":8},"end":{"line":21,"column":50}},"13":{"start":{"line":24,"column":4},"end":{"line":26,"column":5}},"14":{"start":{"line":25,"column":8},"end":{"line":25,"column":52}},"15":{"start":{"line":28,"column":4},"end":{"line":30,"column":5}},"16":{"start":{"line":29,"column":8},"end":{"line":29,"column":49}},"17":{"start":{"line":34,"column":0},"end":{"line":34,"column":25}}},"fnMap":{"0":{"name":"router","decl":{"start":{"line":5,"column":9},"end":{"line":5,"column":15}},"loc":{"start":{"line":5,"column":26},"end":{"line":31,"column":1}},"line":5}},"branchMap":{"0":{"loc":{"start":{"line":10,"column":4},"end":{"line":14,"column":5}},"type":"if","locations":[{"start":{"line":10,"column":4},"end":{"line":14,"column":5}},{"start":{},"end":{}}],"line":10},"1":{"loc":{"start":{"line":16,"column":4},"end":{"line":18,"column":5}},"type":"if","locations":[{"start":{"line":16,"column":4},"end":{"line":18,"column":5}},{"start":{},"end":{}}],"line":16},"2":{"loc":{"start":{"line":16,"column":7},"end":{"line":16,"column":36}},"type":"binary-expr","locations":[{"start":{"line":16,"column":7},"end":{"line":16,"column":22}},{"start":{"line":16,"column":26},"end":{"line":16,"column":36}}],"line":16},"3":{"loc":{"start":{"line":20,"column":4},"end":{"line":22,"column":5}},"type":"if","locations":[{"start":{"line":20,"column":4},"end":{"line":22,"column":5}},{"start":{},"end":{}}],"line":20},"4":{"loc":{"start":{"line":20,"column":7},"end":{"line":20,"column":46}},"type":"binary-expr","locations":[{"start":{"line":20,"column":7},"end":{"line":20,"column":23}},{"start":{"line":20,"column":27},"end":{"line":20,"column":46}}],"line":20},"5":{"loc":{"start":{"line":24,"column":4},"end":{"line":26,"column":5}},"type":"if","locations":[{"start":{"line":24,"column":4},"end":{"line":26,"column":5}},{"start":{},"end":{}}],"line":24},"6":{"loc":{"start":{"line":24,"column":7},"end":{"line":24,"column":48}},"type":"binary-expr","locations":[{"start":{"line":24,"column":7},"end":{"line":24,"column":25}},{"start":{"line":24,"column":29},"end":{"line":24,"column":48}}],"line":24},"7":{"loc":{"start":{"line":28,"column":4},"end":{"line":30,"column":5}},"type":"if","locations":[{"start":{"line":28,"column":4},"end":{"line":30,"column":5}},{"start":{},"end":{}}],"line":28},"8":{"loc":{"start":{"line":28,"column":7},"end":{"line":28,"column":47}},"type":"binary-expr","locations":[{"start":{"line":28,"column":7},"end":{"line":28,"column":22}},{"start":{"line":28,"column":26},"end":{"line":28,"column":47}}],"line":28}},"s":{"0":1,"1":1,"2":1,"3":5,"4":5,"5":5,"6":0,"7":0,"8":0,"9":5,"10":0,"11":5,"12":3,"13":2,"14":1,"15":1,"16":1,"17":1},"f":{"0":5},"b":{"0":[0,5],"1":[0,5],"2":[5,1],"3":[3,2],"4":[5,3],"5":[1,1],"6":[2,1],"7":[1,0],"8":[1,1]},"_coverageSchema":"1a1c01bbd47fc00a2c39e90264f33305004495a9","hash":"006cd770b95252cfa70af57aaddcdb7ab48c0666"}
,"C:\\Users\\Rhuan Rodrigues\\dev\\desafio-itau-backend\\services\\transactionServices.js": {"path":"C:\\Users\\Rhuan Rodrigues\\dev\\desafio-itau-backend\\services\\transactionServices.js","statementMap":{"0":{"start":{"line":1,"column":19},"end":{"line":1,"column":21}},"1":{"start":{"line":7,"column":8},"end":{"line":15,"column":9}},"2":{"start":{"line":8,"column":30},"end":{"line":11,"column":11}},"3":{"start":{"line":13,"column":10},"end":{"line":13,"column":40}},"4":{"start":{"line":14,"column":10},"end":{"line":14,"column":29}},"5":{"start":{"line":20,"column":2},"end":{"line":20,"column":45}},"6":{"start":{"line":21,"column":2},"end":{"line":21,"column":21}},"7":{"start":{"line":25,"column":14},"end":{"line":25,"column":24}},"8":{"start":{"line":26,"column":16},"end":{"line":26,"column":31}},"9":{"start":{"line":27,"column":23},"end":{"line":27,"column":74}},"10":{"start":{"line":27,"column":51},"end":{"line":27,"column":73}},"11":{"start":{"line":29,"column":19},"end":{"line":29,"column":21}},"12":{"start":{"line":31,"column":2},"end":{"line":47,"column":3}},"13":{"start":{"line":32,"column":4},"end":{"line":38,"column":5}},"14":{"start":{"line":40,"column":4},"end":{"line":46,"column":5}},"15":{"start":{"line":42,"column":44},"end":{"line":42,"column":57}},"16":{"start":{"line":43,"column":45},"end":{"line":43,"column":58}},"17":{"start":{"line":44,"column":44},"end":{"line":44,"column":66}},"18":{"start":{"line":45,"column":44},"end":{"line":45,"column":66}},"19":{"start":{"line":50,"column":1},"end":{"line":50,"column":18}},"20":{"start":{"line":53,"column":0},"end":{"line":53,"column":80}}},"fnMap":{"0":{"name":"createTransaction","decl":{"start":{"line":5,"column":9},"end":{"line":5,"column":26}},"loc":{"start":{"line":5,"column":33},"end":{"line":17,"column":1}},"line":5},"1":{"name":"deleteTransaction","decl":{"start":{"line":19,"column":9},"end":{"line":19,"column":26}},"loc":{"start":{"line":19,"column":29},"end":{"line":22,"column":1}},"line":19},"2":{"name":"getStatisticTransaction","decl":{"start":{"line":24,"column":9},"end":{"line":24,"column":32}},"loc":{"start":{"line":24,"column":35},"end":{"line":51,"column":1}},"line":24},"3":{"name":"(anonymous_3)","decl":{"start":{"line":27,"column":43},"end":{"line":27,"column":44}},"loc":{"start":{"line":27,"column":51},"end":{"line":27,"column":73}},"line":27},"4":{"name":"(anonymous_4)","decl":{"start":{"line":42,"column":31},"end":{"line":42,"column":32}},"loc":{"start":{"line":42,"column":44},"end":{"line":42,"column":57}},"line":42},"5":{"name":"(anonymous_5)","decl":{"start":{"line":43,"column":32},"end":{"line":43,"column":33}},"loc":{"start":{"line":43,"column":45},"end":{"line":43,"column":58}},"line":43},"6":{"name":"(anonymous_6)","decl":{"start":{"line":44,"column":31},"end":{"line":44,"column":32}},"loc":{"start":{"line":44,"column":44},"end":{"line":44,"column":66}},"line":44},"7":{"name":"(anonymous_7)","decl":{"start":{"line":45,"column":31},"end":{"line":45,"column":32}},"loc":{"start":{"line":45,"column":44},"end":{"line":45,"column":66}},"line":45}},"branchMap":{"0":{"loc":{"start":{"line":7,"column":8},"end":{"line":15,"column":9}},"type":"if","locations":[{"start":{"line":7,"column":8},"end":{"line":15,"column":9}},{"start":{},"end":{}}],"line":7},"1":{"loc":{"start":{"line":31,"column":2},"end":{"line":47,"column":3}},"type":"if","locations":[{"start":{"line":31,"column":2},"end":{"line":47,"column":3}},{"start":{"line":39,"column":9},"end":{"line":47,"column":3}}],"line":31}},"s":{"0":1,"1":3,"2":3,"3":3,"4":3,"5":1,"6":1,"7":1,"8":1,"9":1,"10":2,"11":1,"12":1,"13":0,"14":1,"15":2,"16":2,"17":2,"18":2,"19":1,"20":1},"f":{"0":3,"1":1,"2":1,"3":2,"4":2,"5":2,"6":2,"7":2},"b":{"0":[3,0],"1":[0,1]},"_coverageSchema":"1a1c01bbd47fc00a2c39e90264f33305004495a9","hash":"70df3fed35fee9e92cf4af43c8530494afe2329b"}
,"C:\\Users\\Rhuan Rodrigues\\dev\\desafio-itau-backend\\utils\\cors.js": {"path":"C:\\Users\\Rhuan Rodrigues\\dev\\desafio-itau-backend\\utils\\cors.js","statementMap":{"0":{"start":{"line":2,"column":4},"end":{"line":2,"column":53}},"1":{"start":{"line":3,"column":4},"end":{"line":3,"column":84}},"2":{"start":{"line":4,"column":4},"end":{"line":4,"column":65}},"3":{"start":{"line":7,"column":0},"end":{"line":7,"column":28}}},"fnMap":{"0":{"name":"applyCors","decl":{"start":{"line":1,"column":9},"end":{"line":1,"column":18}},"loc":{"start":{"line":1,"column":24},"end":{"line":5,"column":1}},"line":1}},"branchMap":{},"s":{"0":5,"1":5,"2":5,"3":1},"f":{"0":5},"b":{},"_coverageSchema":"1a1c01bbd47fc00a2c39e90264f33305004495a9","hash":"d7228aed5caf2ad3be168e9400ffbfecd20eceba"}
,"C:\\Users\\Rhuan Rodrigues\\dev\\desafio-itau-backend\\utils\\response.js": {"path":"C:\\Users\\Rhuan Rodrigues\\dev\\desafio-itau-backend\\utils\\response.js","statementMap":{"0":{"start":{"line":2,"column":4},"end":{"line":2,"column":67}},"1":{"start":{"line":3,"column":4},"end":{"line":3,"column":33}},"2":{"start":{"line":7,"column":0},"end":{"line":7,"column":27}}},"fnMap":{"0":{"name":"sendJson","decl":{"start":{"line":1,"column":9},"end":{"line":1,"column":17}},"loc":{"start":{"line":1,"column":41},"end":{"line":4,"column":1}},"line":1}},"branchMap":{},"s":{"0":5,"1":5,"2":1},"f":{"0":5},"b":{},"_coverageSchema":"1a1c01bbd47fc00a2c39e90264f33305004495a9","hash":"12e54510cc0c347669a8b91fb3bb4586fcdc991d"}
}
