TN:
SF:server.js
FN:6,(anonymous_0)
FN:11,(anonymous_1)
FNF:2
FNH:1
FNDA:5,(anonymous_0)
FNDA:0,(anonymous_1)
DA:1,1
DA:2,1
DA:4,1
DA:6,1
DA:7,5
DA:10,1
DA:11,0
DA:12,0
DA:18,1
LF:9
LH:7
BRDA:10,0,0,0
BRDA:10,0,1,1
BRF:2
BRH:1
end_of_record
TN:
SF:controllers\transactionControllers.js
FN:4,transactionPostController
FN:6,(anonymous_1)
FN:8,(anonymous_2)
FN:21,transactionDeleteController
FN:26,transactionGetController
FNF:5
FNH:5
FNDA:3,transactionPostController
FNDA:3,(anonymous_1)
FNDA:3,(anonymous_2)
FNDA:1,transactionDeleteController
FNDA:1,transactionGetController
DA:1,1
DA:2,1
DA:5,3
DA:6,3
DA:8,3
DA:9,3
DA:10,3
DA:11,3
DA:12,3
DA:15,0
DA:22,1
DA:23,1
DA:27,1
DA:28,1
DA:32,1
LF:15
LH:14
BRF:0
BRH:0
end_of_record
TN:
SF:routes\router.js
FN:5,router
FNF:1
FNH:1
FNDA:5,router
DA:1,1
DA:2,1
DA:3,1
DA:6,5
DA:8,5
DA:10,5
DA:11,0
DA:12,0
DA:13,0
DA:16,5
DA:17,0
DA:20,5
DA:21,3
DA:24,2
DA:25,1
DA:28,1
DA:29,1
DA:34,1
LF:18
LH:14
BRDA:10,0,0,0
BRDA:10,0,1,5
BRDA:16,1,0,0
BRDA:16,1,1,5
BRDA:16,2,0,5
BRDA:16,2,1,1
BRDA:20,3,0,3
BRDA:20,3,1,2
BRDA:20,4,0,5
BRDA:20,4,1,3
BRDA:24,5,0,1
BRDA:24,5,1,1
BRDA:24,6,0,2
BRDA:24,6,1,1
BRDA:28,7,0,1
BRDA:28,7,1,0
BRDA:28,8,0,1
BRDA:28,8,1,1
BRF:18
BRH:15
end_of_record
TN:
SF:services\transactionServices.js
FN:5,createTransaction
FN:19,deleteTransaction
FN:24,getStatisticTransaction
FN:27,(anonymous_3)
FN:42,(anonymous_4)
FN:43,(anonymous_5)
FN:44,(anonymous_6)
FN:45,(anonymous_7)
FNF:8
FNH:8
FNDA:3,createTransaction
FNDA:1,deleteTransaction
FNDA:1,getStatisticTransaction
FNDA:2,(anonymous_3)
FNDA:2,(anonymous_4)
FNDA:2,(anonymous_5)
FNDA:2,(anonymous_6)
FNDA:2,(anonymous_7)
DA:1,1
DA:7,3
DA:8,3
DA:13,3
DA:14,3
DA:20,1
DA:21,1
DA:25,1
DA:26,1
DA:27,2
DA:29,1
DA:31,1
DA:32,0
DA:40,1
DA:42,2
DA:43,2
DA:44,2
DA:45,2
DA:50,1
DA:53,1
LF:20
LH:19
BRDA:7,0,0,3
BRDA:7,0,1,0
BRDA:31,1,0,0
BRDA:31,1,1,1
BRF:4
BRH:2
end_of_record
TN:
SF:utils\cors.js
FN:1,applyCors
FNF:1
FNH:1
FNDA:5,applyCors
DA:2,5
DA:3,5
DA:4,5
DA:7,1
LF:4
LH:4
BRF:0
BRH:0
end_of_record
TN:
SF:utils\response.js
FN:1,sendJson
FNF:1
FNH:1
FNDA:5,sendJson
DA:2,5
DA:3,5
DA:7,1
LF:3
LH:3
BRF:0
BRH:0
end_of_record
